<?xml version="1.0" encoding="UTF-8"?>
<!-- Generated by org.testng.reporters.JUnitReportReporter -->
<testsuite hostname="DESKTOP-Q32NFE4" failures="0" tests="1" name="sample.Demo" time="0.029" errors="0" timestamp="2024-11-15T10:51:26 IST" skipped="0">
  <testcase classname="sample.Demo" name="sample" time="0.029"/>
  <system-out/>
</testsuite> <!-- sample.Demo -->
